#-----------------------------------------------------------
# PlanAhead v14.6 (64-bit)
# Build 269223 by xbuild on Wed Jun  5 11:14:03 MDT 2013
# Start of session at: Wed Dec 03 01:07:11 2014
# Process ID: 5992
# Log file: E:/homework/Computer Organization/CPU/planAhead_run_1/planAhead.log
# Journal file: E:/homework/Computer Organization/CPU/planAhead_run_1/planAhead.jou
#-----------------------------------------------------------
INFO: [Common 17-78] Attempting to get a license: PlanAhead
INFO: [Common 17-290] Got license for PlanAhead
INFO: [Device 21-36] Loading parts and site information from C:/Xilinx/14.6/ISE_DS/PlanAhead/data/parts/arch.xml
Parsing RTL primitives file [C:/Xilinx/14.6/ISE_DS/PlanAhead/data/parts/xilinx/rtl/prims/rtl_prims.xml]
Finished parsing RTL primitives file [C:/Xilinx/14.6/ISE_DS/PlanAhead/data/parts/xilinx/rtl/prims/rtl_prims.xml]
start_gui
source {E:/homework/Computer Organization/CPU/pa.fromNetlist.tcl}
# create_project -name CPU -dir "E:/homework/Computer Organization/CPU/planAhead_run_2" -part xc3s1200efg320-4
# set_property design_mode GateLvl [get_property srcset [current_run -impl]]
# set_property edif_top_file "E:/homework/Computer Organization/CPU/CPU.ngc" [ get_property srcset [ current_run ] ]
INFO: [Common 17-41] Interrupt caught. Command should exit soon.
INFO: [Common 17-344] 'source' was cancelled
exit
ERROR: [PlanAhead 12-106] *** Exception: ui.h.b: Found deleted key in HTclEventBroker. Verify if the classes listed here call cleanup()
HTclEvent: SIGNAL_MODIFY   Classes: ui.views.aR 
HTclEvent: SIGNAL_BUS_MODIFY   Classes: ui.views.aR 
HTclEvent: DEBUG_CORE_CONFIG_CHANGE   Classes: ui.views.aR 
HTclEvent: DEBUG_PORT_CONFIG_CHANGE   Classes: ui.views.aR 
 (See E:/homework/Computer Organization/CPU\planAhead_pid5992.debug)
ERROR: [Common 17-39] 'stop_gui' failed due to earlier errors.
INFO: [Common 17-206] Exiting PlanAhead at Wed Dec 03 01:08:01 2014...
INFO: [Common 17-83] Releasing license: PlanAhead
